14:06:44:433  INFO 143488 --- [main] com.jndx.PayApplication                  : Starting PayApplication using Java 17.0.11 on DESKTOP-IJRS560 with PID 143488 (D:\BaiduNetdiskDownload\spring_cloud\day02-Docker\资料\hmall\pay-service\target\classes started by gosling in D:\BaiduNetdiskDownload\spring_cloud\day02-Docker\资料\hmall)
14:06:44:434 DEBUG 143488 --- [main] com.jndx.PayApplication                  : Running with Spring Boot v2.7.12, Spring v5.3.27
14:06:44:435  INFO 143488 --- [main] com.jndx.PayApplication                  : The following 1 profile is active: "dev"
14:06:45:059  INFO 143488 --- [main] o.s.cloud.context.scope.GenericScope     : BeanFactory id=ab63b68f-d8b3-3c65-b815-0832b91427e0
14:06:45:345  INFO 143488 --- [main] o.s.b.w.embedded.tomcat.TomcatWebServer  : Tomcat initialized with port(s): 8085 (http)
14:06:45:346  INFO 143488 --- [main] o.a.catalina.core.AprLifecycleListener   : Loaded Apache Tomcat Native library [1.2.39] using APR version [1.7.4].
14:06:45:347  INFO 143488 --- [main] o.a.catalina.core.AprLifecycleListener   : APR capabilities: IPv6 [true], sendfile [true], accept filters [false], random [true], UDS [true].
14:06:45:347  INFO 143488 --- [main] o.a.catalina.core.AprLifecycleListener   : APR/OpenSSL configuration: useAprConnector [false], useOpenSSL [true]
14:06:45:351  INFO 143488 --- [main] o.a.catalina.core.AprLifecycleListener   : OpenSSL successfully initialized [OpenSSL 3.0.11 19 Sep 2023]
14:06:45:357  INFO 143488 --- [main] o.apache.catalina.core.StandardService   : Starting service [Tomcat]
14:06:45:358  INFO 143488 --- [main] org.apache.catalina.core.StandardEngine  : Starting Servlet engine: [Apache Tomcat/9.0.75]
14:06:45:449  INFO 143488 --- [main] o.a.c.c.C.[Tomcat].[localhost].[/]       : Initializing Spring embedded WebApplicationContext
14:06:45:449  INFO 143488 --- [main] w.s.c.ServletWebServerApplicationContext : Root WebApplicationContext: initialization completed in 987 ms
14:06:45:487  WARN 143488 --- [main] ConfigServletWebServerApplicationContext : Exception encountered during context initialization - cancelling refresh attempt: org.springframework.beans.factory.UnsatisfiedDependencyException: Error creating bean with name 'payOrderServiceImpl' defined in file [D:\BaiduNetdiskDownload\spring_cloud\day02-Docker\资料\hmall\pay-service\target\classes\com\jndx\pay\service\impl\PayOrderServiceImpl.class]: Unsatisfied dependency expressed through constructor parameter 0; nested exception is org.springframework.beans.factory.NoSuchBeanDefinitionException: No qualifying bean of type 'com.jndx.api.client.UserClient' available: expected at least 1 bean which qualifies as autowire candidate. Dependency annotations: {}
14:06:45:489  INFO 143488 --- [main] o.apache.catalina.core.StandardService   : Stopping service [Tomcat]
14:06:45:501  INFO 143488 --- [main] ConditionEvaluationReportLoggingListener : 

Error starting ApplicationContext. To display the conditions report re-run your application with 'debug' enabled.
14:06:45:514 ERROR 143488 --- [main] o.s.b.d.LoggingFailureAnalysisReporter   : 

***************************
APPLICATION FAILED TO START
***************************

Description:

Parameter 0 of constructor in com.jndx.pay.service.impl.PayOrderServiceImpl required a bean of type 'com.jndx.api.client.UserClient' that could not be found.


Action:

Consider defining a bean of type 'com.jndx.api.client.UserClient' in your configuration.

14:07:59:637  INFO 136316 --- [main] com.jndx.PayApplication                  : Starting PayApplication using Java 17.0.11 on DESKTOP-IJRS560 with PID 136316 (D:\BaiduNetdiskDownload\spring_cloud\day02-Docker\资料\hmall\pay-service\target\classes started by gosling in D:\BaiduNetdiskDownload\spring_cloud\day02-Docker\资料\hmall)
14:07:59:638 DEBUG 136316 --- [main] com.jndx.PayApplication                  : Running with Spring Boot v2.7.12, Spring v5.3.27
14:07:59:639  INFO 136316 --- [main] com.jndx.PayApplication                  : The following 1 profile is active: "local"
14:08:00:271  INFO 136316 --- [main] o.s.cloud.context.scope.GenericScope     : BeanFactory id=a7593dba-156d-3a05-9157-4290f0413890
14:08:00:597  INFO 136316 --- [main] o.s.b.w.embedded.tomcat.TomcatWebServer  : Tomcat initialized with port(s): 8085 (http)
14:08:00:598  INFO 136316 --- [main] o.a.catalina.core.AprLifecycleListener   : Loaded Apache Tomcat Native library [1.2.39] using APR version [1.7.4].
14:08:00:598  INFO 136316 --- [main] o.a.catalina.core.AprLifecycleListener   : APR capabilities: IPv6 [true], sendfile [true], accept filters [false], random [true], UDS [true].
14:08:00:598  INFO 136316 --- [main] o.a.catalina.core.AprLifecycleListener   : APR/OpenSSL configuration: useAprConnector [false], useOpenSSL [true]
14:08:00:603  INFO 136316 --- [main] o.a.catalina.core.AprLifecycleListener   : OpenSSL successfully initialized [OpenSSL 3.0.11 19 Sep 2023]
14:08:00:609  INFO 136316 --- [main] o.apache.catalina.core.StandardService   : Starting service [Tomcat]
14:08:00:609  INFO 136316 --- [main] org.apache.catalina.core.StandardEngine  : Starting Servlet engine: [Apache Tomcat/9.0.75]
14:08:00:707  INFO 136316 --- [main] o.a.c.c.C.[Tomcat].[localhost].[/]       : Initializing Spring embedded WebApplicationContext
14:08:00:708  INFO 136316 --- [main] w.s.c.ServletWebServerApplicationContext : Root WebApplicationContext: initialization completed in 1040 ms
14:08:00:841  INFO 136316 --- [main] o.s.c.openfeign.FeignClientFactoryBean   : For 'user-service' URL not provided. Will try picking an instance via load-balancing.
14:08:00:878  INFO 136316 --- [main] o.s.c.openfeign.FeignClientFactoryBean   : For 'trade-service' URL not provided. Will try picking an instance via load-balancing.
14:08:01:444  INFO 136316 --- [main] pertySourcedRequestMappingHandlerMapping : Mapped URL path [/v2/api-docs] onto method [springfox.documentation.swagger2.web.Swagger2ControllerWebMvc#getDocumentation(String, HttpServletRequest)]
14:08:02:122  INFO 136316 --- [main] o.s.b.w.embedded.tomcat.TomcatWebServer  : Tomcat started on port(s): 8085 (http) with context path ''
14:08:02:579  INFO 136316 --- [main] d.s.w.p.DocumentationPluginsBootstrapper : Documentation plugins bootstrapped
14:08:02:581  INFO 136316 --- [main] d.s.w.p.DocumentationPluginsBootstrapper : Found 1 custom documentation plugin(s)
14:08:02:595  INFO 136316 --- [main] s.d.s.w.s.ApiListingReferenceScanner     : Scanning for api listing references
14:08:02:603  INFO 136316 --- [main] com.jndx.PayApplication                  : Started PayApplication in 3.769 seconds (JVM running for 4.271)
14:08:13:155  INFO 136316 --- [http-nio-8085-exec-1] o.a.c.c.C.[Tomcat].[localhost].[/]       : Initializing Spring DispatcherServlet 'dispatcherServlet'
14:08:13:155  INFO 136316 --- [http-nio-8085-exec-1] o.s.web.servlet.DispatcherServlet        : Initializing Servlet 'dispatcherServlet'
14:08:13:156  INFO 136316 --- [http-nio-8085-exec-1] o.s.web.servlet.DispatcherServlet        : Completed initialization in 1 ms
14:09:26:206  INFO 142796 --- [main] com.jndx.PayApplication                  : Starting PayApplication using Java 17.0.11 on DESKTOP-IJRS560 with PID 142796 (D:\BaiduNetdiskDownload\spring_cloud\day02-Docker\资料\hmall\pay-service\target\classes started by gosling in D:\BaiduNetdiskDownload\spring_cloud\day02-Docker\资料\hmall)
14:09:26:208 DEBUG 142796 --- [main] com.jndx.PayApplication                  : Running with Spring Boot v2.7.12, Spring v5.3.27
14:09:26:208  INFO 142796 --- [main] com.jndx.PayApplication                  : The following 1 profile is active: "local"
14:09:26:828  INFO 142796 --- [main] o.s.cloud.context.scope.GenericScope     : BeanFactory id=4eeb9674-d1b3-329d-b89c-8ca432d51025
14:09:27:126  INFO 142796 --- [main] o.s.b.w.embedded.tomcat.TomcatWebServer  : Tomcat initialized with port(s): 8085 (http)
14:09:27:126  INFO 142796 --- [main] o.a.catalina.core.AprLifecycleListener   : Loaded Apache Tomcat Native library [1.2.39] using APR version [1.7.4].
14:09:27:126  INFO 142796 --- [main] o.a.catalina.core.AprLifecycleListener   : APR capabilities: IPv6 [true], sendfile [true], accept filters [false], random [true], UDS [true].
14:09:27:127  INFO 142796 --- [main] o.a.catalina.core.AprLifecycleListener   : APR/OpenSSL configuration: useAprConnector [false], useOpenSSL [true]
14:09:27:131  INFO 142796 --- [main] o.a.catalina.core.AprLifecycleListener   : OpenSSL successfully initialized [OpenSSL 3.0.11 19 Sep 2023]
14:09:27:139  INFO 142796 --- [main] o.apache.catalina.core.StandardService   : Starting service [Tomcat]
14:09:27:140  INFO 142796 --- [main] org.apache.catalina.core.StandardEngine  : Starting Servlet engine: [Apache Tomcat/9.0.75]
14:09:27:233  INFO 142796 --- [main] o.a.c.c.C.[Tomcat].[localhost].[/]       : Initializing Spring embedded WebApplicationContext
14:09:27:233  INFO 142796 --- [main] w.s.c.ServletWebServerApplicationContext : Root WebApplicationContext: initialization completed in 997 ms
14:09:27:354  INFO 142796 --- [main] o.s.c.openfeign.FeignClientFactoryBean   : For 'user-service' URL not provided. Will try picking an instance via load-balancing.
14:09:27:387  INFO 142796 --- [main] o.s.c.openfeign.FeignClientFactoryBean   : For 'trade-service' URL not provided. Will try picking an instance via load-balancing.
14:09:27:940  INFO 142796 --- [main] pertySourcedRequestMappingHandlerMapping : Mapped URL path [/v2/api-docs] onto method [springfox.documentation.swagger2.web.Swagger2ControllerWebMvc#getDocumentation(String, HttpServletRequest)]
14:09:28:593  INFO 142796 --- [main] o.s.b.w.embedded.tomcat.TomcatWebServer  : Tomcat started on port(s): 8085 (http) with context path ''
14:09:29:035  INFO 142796 --- [main] d.s.w.p.DocumentationPluginsBootstrapper : Documentation plugins bootstrapped
14:09:29:038  INFO 142796 --- [main] d.s.w.p.DocumentationPluginsBootstrapper : Found 1 custom documentation plugin(s)
14:09:29:052  INFO 142796 --- [main] s.d.s.w.s.ApiListingReferenceScanner     : Scanning for api listing references
14:09:29:124  INFO 142796 --- [main] com.jndx.PayApplication                  : Started PayApplication in 3.733 seconds (JVM running for 4.238)
14:09:30:547  INFO 142796 --- [http-nio-8085-exec-1] o.a.c.c.C.[Tomcat].[localhost].[/]       : Initializing Spring DispatcherServlet 'dispatcherServlet'
14:09:30:547  INFO 142796 --- [http-nio-8085-exec-1] o.s.web.servlet.DispatcherServlet        : Initializing Servlet 'dispatcherServlet'
14:09:30:548  INFO 142796 --- [http-nio-8085-exec-1] o.s.web.servlet.DispatcherServlet        : Completed initialization in 1 ms
14:44:38:627  INFO 131772 --- [main] com.jndx.PayApplication                  : Starting PayApplication using Java 17.0.11 on DESKTOP-IJRS560 with PID 131772 (D:\BaiduNetdiskDownload\spring_cloud\day02-Docker\资料\hmall\pay-service\target\classes started by gosling in D:\BaiduNetdiskDownload\spring_cloud\day02-Docker\资料\hmall)
14:44:38:629 DEBUG 131772 --- [main] com.jndx.PayApplication                  : Running with Spring Boot v2.7.12, Spring v5.3.27
14:44:38:629  INFO 131772 --- [main] com.jndx.PayApplication                  : The following 1 profile is active: "local"
14:44:39:399  INFO 131772 --- [main] o.s.cloud.context.scope.GenericScope     : BeanFactory id=4eeb9674-d1b3-329d-b89c-8ca432d51025
14:44:39:777  INFO 131772 --- [main] o.s.b.w.embedded.tomcat.TomcatWebServer  : Tomcat initialized with port(s): 8085 (http)
14:44:39:778  INFO 131772 --- [main] o.a.catalina.core.AprLifecycleListener   : Loaded Apache Tomcat Native library [1.2.39] using APR version [1.7.4].
14:44:39:778  INFO 131772 --- [main] o.a.catalina.core.AprLifecycleListener   : APR capabilities: IPv6 [true], sendfile [true], accept filters [false], random [true], UDS [true].
14:44:39:778  INFO 131772 --- [main] o.a.catalina.core.AprLifecycleListener   : APR/OpenSSL configuration: useAprConnector [false], useOpenSSL [true]
14:44:39:784  INFO 131772 --- [main] o.a.catalina.core.AprLifecycleListener   : OpenSSL successfully initialized [OpenSSL 3.0.11 19 Sep 2023]
14:44:39:793  INFO 131772 --- [main] o.apache.catalina.core.StandardService   : Starting service [Tomcat]
14:44:39:793  INFO 131772 --- [main] org.apache.catalina.core.StandardEngine  : Starting Servlet engine: [Apache Tomcat/9.0.75]
14:44:39:928  INFO 131772 --- [main] o.a.c.c.C.[Tomcat].[localhost].[/]       : Initializing Spring embedded WebApplicationContext
14:44:39:929  INFO 131772 --- [main] w.s.c.ServletWebServerApplicationContext : Root WebApplicationContext: initialization completed in 1269 ms
14:44:40:100  INFO 131772 --- [main] o.s.c.openfeign.FeignClientFactoryBean   : For 'user-service' URL not provided. Will try picking an instance via load-balancing.
14:44:40:145  INFO 131772 --- [main] o.s.c.openfeign.FeignClientFactoryBean   : For 'trade-service' URL not provided. Will try picking an instance via load-balancing.
14:44:40:794  INFO 131772 --- [main] pertySourcedRequestMappingHandlerMapping : Mapped URL path [/v2/api-docs] onto method [springfox.documentation.swagger2.web.Swagger2ControllerWebMvc#getDocumentation(String, HttpServletRequest)]
14:44:41:560  INFO 131772 --- [main] o.s.b.w.embedded.tomcat.TomcatWebServer  : Tomcat started on port(s): 8085 (http) with context path ''
14:44:42:104  INFO 131772 --- [main] d.s.w.p.DocumentationPluginsBootstrapper : Documentation plugins bootstrapped
14:44:42:107  INFO 131772 --- [main] d.s.w.p.DocumentationPluginsBootstrapper : Found 1 custom documentation plugin(s)
14:44:42:125  INFO 131772 --- [main] s.d.s.w.s.ApiListingReferenceScanner     : Scanning for api listing references
14:44:42:196  INFO 131772 --- [main] com.jndx.PayApplication                  : Started PayApplication in 4.44 seconds (JVM running for 4.988)
15:05:21:999  INFO 143640 --- [main] com.jndx.PayApplication                  : Starting PayApplication using Java 17.0.11 on DESKTOP-IJRS560 with PID 143640 (D:\BaiduNetdiskDownload\spring_cloud\day02-Docker\资料\hmall\pay-service\target\classes started by gosling in D:\BaiduNetdiskDownload\spring_cloud\day02-Docker\资料\hmall)
15:05:22:001 DEBUG 143640 --- [main] com.jndx.PayApplication                  : Running with Spring Boot v2.7.12, Spring v5.3.27
15:05:22:001  INFO 143640 --- [main] com.jndx.PayApplication                  : The following 1 profile is active: "local"
15:05:22:656  INFO 143640 --- [main] o.s.cloud.context.scope.GenericScope     : BeanFactory id=4eeb9674-d1b3-329d-b89c-8ca432d51025
15:05:22:942  INFO 143640 --- [main] o.s.b.w.embedded.tomcat.TomcatWebServer  : Tomcat initialized with port(s): 8085 (http)
15:05:22:943  INFO 143640 --- [main] o.a.catalina.core.AprLifecycleListener   : Loaded Apache Tomcat Native library [1.2.39] using APR version [1.7.4].
15:05:22:943  INFO 143640 --- [main] o.a.catalina.core.AprLifecycleListener   : APR capabilities: IPv6 [true], sendfile [true], accept filters [false], random [true], UDS [true].
15:05:22:943  INFO 143640 --- [main] o.a.catalina.core.AprLifecycleListener   : APR/OpenSSL configuration: useAprConnector [false], useOpenSSL [true]
15:05:22:948  INFO 143640 --- [main] o.a.catalina.core.AprLifecycleListener   : OpenSSL successfully initialized [OpenSSL 3.0.11 19 Sep 2023]
15:05:22:954  INFO 143640 --- [main] o.apache.catalina.core.StandardService   : Starting service [Tomcat]
15:05:22:954  INFO 143640 --- [main] org.apache.catalina.core.StandardEngine  : Starting Servlet engine: [Apache Tomcat/9.0.75]
15:05:23:047  INFO 143640 --- [main] o.a.c.c.C.[Tomcat].[localhost].[/]       : Initializing Spring embedded WebApplicationContext
15:05:23:047  INFO 143640 --- [main] w.s.c.ServletWebServerApplicationContext : Root WebApplicationContext: initialization completed in 1014 ms
15:05:23:171  INFO 143640 --- [main] o.s.c.openfeign.FeignClientFactoryBean   : For 'user-service' URL not provided. Will try picking an instance via load-balancing.
15:05:23:205  INFO 143640 --- [main] o.s.c.openfeign.FeignClientFactoryBean   : For 'trade-service' URL not provided. Will try picking an instance via load-balancing.
15:05:23:752  INFO 143640 --- [main] pertySourcedRequestMappingHandlerMapping : Mapped URL path [/v2/api-docs] onto method [springfox.documentation.swagger2.web.Swagger2ControllerWebMvc#getDocumentation(String, HttpServletRequest)]
15:05:24:417  INFO 143640 --- [main] o.s.b.w.embedded.tomcat.TomcatWebServer  : Tomcat started on port(s): 8085 (http) with context path ''
15:05:24:856  INFO 143640 --- [main] d.s.w.p.DocumentationPluginsBootstrapper : Documentation plugins bootstrapped
15:05:24:858  INFO 143640 --- [main] d.s.w.p.DocumentationPluginsBootstrapper : Found 1 custom documentation plugin(s)
15:05:24:872  INFO 143640 --- [main] s.d.s.w.s.ApiListingReferenceScanner     : Scanning for api listing references
15:05:24:933  INFO 143640 --- [main] com.jndx.PayApplication                  : Started PayApplication in 3.76 seconds (JVM running for 4.27)
15:09:32:058  INFO 137820 --- [main] com.jndx.PayApplication                  : Starting PayApplication using Java 17.0.11 on DESKTOP-IJRS560 with PID 137820 (D:\BaiduNetdiskDownload\spring_cloud\day02-Docker\资料\hmall\pay-service\target\classes started by gosling in D:\BaiduNetdiskDownload\spring_cloud\day02-Docker\资料\hmall)
15:09:32:060 DEBUG 137820 --- [main] com.jndx.PayApplication                  : Running with Spring Boot v2.7.12, Spring v5.3.27
15:09:32:060  INFO 137820 --- [main] com.jndx.PayApplication                  : The following 1 profile is active: "local"
15:09:32:685  INFO 137820 --- [main] o.s.cloud.context.scope.GenericScope     : BeanFactory id=4eeb9674-d1b3-329d-b89c-8ca432d51025
15:09:32:967  INFO 137820 --- [main] o.s.b.w.embedded.tomcat.TomcatWebServer  : Tomcat initialized with port(s): 8085 (http)
15:09:32:968  INFO 137820 --- [main] o.a.catalina.core.AprLifecycleListener   : Loaded Apache Tomcat Native library [1.2.39] using APR version [1.7.4].
15:09:32:968  INFO 137820 --- [main] o.a.catalina.core.AprLifecycleListener   : APR capabilities: IPv6 [true], sendfile [true], accept filters [false], random [true], UDS [true].
15:09:32:968  INFO 137820 --- [main] o.a.catalina.core.AprLifecycleListener   : APR/OpenSSL configuration: useAprConnector [false], useOpenSSL [true]
15:09:32:973  INFO 137820 --- [main] o.a.catalina.core.AprLifecycleListener   : OpenSSL successfully initialized [OpenSSL 3.0.11 19 Sep 2023]
15:09:32:978  INFO 137820 --- [main] o.apache.catalina.core.StandardService   : Starting service [Tomcat]
15:09:32:979  INFO 137820 --- [main] org.apache.catalina.core.StandardEngine  : Starting Servlet engine: [Apache Tomcat/9.0.75]
15:09:33:081  INFO 137820 --- [main] o.a.c.c.C.[Tomcat].[localhost].[/]       : Initializing Spring embedded WebApplicationContext
15:09:33:081  INFO 137820 --- [main] w.s.c.ServletWebServerApplicationContext : Root WebApplicationContext: initialization completed in 994 ms
15:09:33:207  INFO 137820 --- [main] o.s.c.openfeign.FeignClientFactoryBean   : For 'user-service' URL not provided. Will try picking an instance via load-balancing.
15:09:33:243  INFO 137820 --- [main] o.s.c.openfeign.FeignClientFactoryBean   : For 'trade-service' URL not provided. Will try picking an instance via load-balancing.
15:09:33:794  INFO 137820 --- [main] pertySourcedRequestMappingHandlerMapping : Mapped URL path [/v2/api-docs] onto method [springfox.documentation.swagger2.web.Swagger2ControllerWebMvc#getDocumentation(String, HttpServletRequest)]
15:09:34:460  INFO 137820 --- [main] o.s.b.w.embedded.tomcat.TomcatWebServer  : Tomcat started on port(s): 8085 (http) with context path ''
15:09:34:970  INFO 137820 --- [main] d.s.w.p.DocumentationPluginsBootstrapper : Documentation plugins bootstrapped
15:09:34:973  INFO 137820 --- [main] d.s.w.p.DocumentationPluginsBootstrapper : Found 1 custom documentation plugin(s)
15:09:34:990  INFO 137820 --- [main] s.d.s.w.s.ApiListingReferenceScanner     : Scanning for api listing references
15:09:35:062  INFO 137820 --- [main] com.jndx.PayApplication                  : Started PayApplication in 3.894 seconds (JVM running for 4.633)
15:11:12:265  INFO 137576 --- [main] com.jndx.PayApplication                  : Starting PayApplication using Java 17.0.11 on DESKTOP-IJRS560 with PID 137576 (D:\BaiduNetdiskDownload\spring_cloud\day02-Docker\资料\hmall\pay-service\target\classes started by gosling in D:\BaiduNetdiskDownload\spring_cloud\day02-Docker\资料\hmall)
15:11:12:266 DEBUG 137576 --- [main] com.jndx.PayApplication                  : Running with Spring Boot v2.7.12, Spring v5.3.27
15:11:12:267  INFO 137576 --- [main] com.jndx.PayApplication                  : The following 1 profile is active: "local"
15:11:12:898  INFO 137576 --- [main] o.s.cloud.context.scope.GenericScope     : BeanFactory id=58250f69-b7a0-3009-93fb-46502270b565
15:11:13:176  INFO 137576 --- [main] o.s.b.w.embedded.tomcat.TomcatWebServer  : Tomcat initialized with port(s): 8085 (http)
15:11:13:177  INFO 137576 --- [main] o.a.catalina.core.AprLifecycleListener   : Loaded Apache Tomcat Native library [1.2.39] using APR version [1.7.4].
15:11:13:177  INFO 137576 --- [main] o.a.catalina.core.AprLifecycleListener   : APR capabilities: IPv6 [true], sendfile [true], accept filters [false], random [true], UDS [true].
15:11:13:177  INFO 137576 --- [main] o.a.catalina.core.AprLifecycleListener   : APR/OpenSSL configuration: useAprConnector [false], useOpenSSL [true]
15:11:13:181  INFO 137576 --- [main] o.a.catalina.core.AprLifecycleListener   : OpenSSL successfully initialized [OpenSSL 3.0.11 19 Sep 2023]
15:11:13:188  INFO 137576 --- [main] o.apache.catalina.core.StandardService   : Starting service [Tomcat]
15:11:13:188  INFO 137576 --- [main] org.apache.catalina.core.StandardEngine  : Starting Servlet engine: [Apache Tomcat/9.0.75]
15:11:13:280  INFO 137576 --- [main] o.a.c.c.C.[Tomcat].[localhost].[/]       : Initializing Spring embedded WebApplicationContext
15:11:13:280  INFO 137576 --- [main] w.s.c.ServletWebServerApplicationContext : Root WebApplicationContext: initialization completed in 985 ms
15:11:13:401  INFO 137576 --- [main] o.s.c.openfeign.FeignClientFactoryBean   : For 'user-service' URL not provided. Will try picking an instance via load-balancing.
15:11:13:435  INFO 137576 --- [main] o.s.c.openfeign.FeignClientFactoryBean   : For 'trade-service' URL not provided. Will try picking an instance via load-balancing.
15:11:14:524  INFO 137576 --- [main] pertySourcedRequestMappingHandlerMapping : Mapped URL path [/v2/api-docs] onto method [springfox.documentation.swagger2.web.Swagger2ControllerWebMvc#getDocumentation(String, HttpServletRequest)]
15:11:15:210  INFO 137576 --- [main] com.alibaba.nacos.common.remote.client   : [RpcClientFactory] create a new rpc client of 55af42a7-21ce-4e24-b827-08de7a61f04f
15:11:15:253  INFO 137576 --- [main] org.reflections.Reflections              : Reflections took 22 ms to scan 1 urls, producing 3 keys and 6 values 
15:11:15:271  INFO 137576 --- [main] org.reflections.Reflections              : Reflections took 6 ms to scan 1 urls, producing 4 keys and 9 values 
15:11:15:277  INFO 137576 --- [main] org.reflections.Reflections              : Reflections took 5 ms to scan 1 urls, producing 3 keys and 10 values 
15:11:15:278  WARN 137576 --- [main] org.reflections.Reflections              : given scan urls are empty. set urls in the configuration
15:11:15:283  INFO 137576 --- [main] org.reflections.Reflections              : Reflections took 4 ms to scan 1 urls, producing 1 keys and 5 values 
15:11:15:289  INFO 137576 --- [main] org.reflections.Reflections              : Reflections took 5 ms to scan 1 urls, producing 1 keys and 7 values 
15:11:15:296  INFO 137576 --- [main] org.reflections.Reflections              : Reflections took 6 ms to scan 1 urls, producing 2 keys and 8 values 
15:11:15:297  WARN 137576 --- [main] org.reflections.Reflections              : given scan urls are empty. set urls in the configuration
15:11:15:298  INFO 137576 --- [main] com.alibaba.nacos.common.remote.client   : [55af42a7-21ce-4e24-b827-08de7a61f04f] RpcClient init label, labels = {module=naming, source=sdk}
15:11:15:300  INFO 137576 --- [main] com.alibaba.nacos.common.remote.client   : [55af42a7-21ce-4e24-b827-08de7a61f04f] RpcClient init, ServerListFactory = com.alibaba.nacos.client.naming.core.ServerListManager
15:11:15:300  INFO 137576 --- [main] com.alibaba.nacos.common.remote.client   : [55af42a7-21ce-4e24-b827-08de7a61f04f] Registry connection listener to current client:com.alibaba.nacos.client.naming.remote.gprc.redo.NamingGrpcRedoService
15:11:15:300  INFO 137576 --- [main] com.alibaba.nacos.common.remote.client   : [55af42a7-21ce-4e24-b827-08de7a61f04f] Register server push request handler:com.alibaba.nacos.client.naming.remote.gprc.NamingPushRequestHandler
15:11:15:301  INFO 137576 --- [main] com.alibaba.nacos.common.remote.client   : [55af42a7-21ce-4e24-b827-08de7a61f04f] Try to connect to server on start up, server: {serverIp = '192.168.10.3', server main port = 8848}
15:11:16:499  INFO 137576 --- [main] com.alibaba.nacos.common.remote.client   : [55af42a7-21ce-4e24-b827-08de7a61f04f] Success to connect to server [192.168.10.3:8848] on start up, connectionId = 1720077076877_192.168.10.5_13767
15:11:16:499  INFO 137576 --- [com.alibaba.nacos.client.remote.worker] com.alibaba.nacos.common.remote.client   : [55af42a7-21ce-4e24-b827-08de7a61f04f] Notify connected event to listeners.
15:11:16:500  INFO 137576 --- [main] com.alibaba.nacos.common.remote.client   : [55af42a7-21ce-4e24-b827-08de7a61f04f] Register server push request handler:com.alibaba.nacos.common.remote.client.RpcClient$ConnectResetRequestHandler
15:11:16:500  INFO 137576 --- [main] com.alibaba.nacos.common.remote.client   : [55af42a7-21ce-4e24-b827-08de7a61f04f] Register server push request handler:com.alibaba.nacos.common.remote.client.RpcClient$$Lambda$989/0x000001d92c78c958
15:11:16:534  INFO 137576 --- [main] o.s.b.w.embedded.tomcat.TomcatWebServer  : Tomcat started on port(s): 8085 (http) with context path ''
15:11:16:540  INFO 137576 --- [main] c.a.c.n.registry.NacosServiceRegistry    : nacos registry, DEFAULT_GROUP pay-service 192.168.0.101:8085 register finished
15:11:16:999  INFO 137576 --- [main] d.s.w.p.DocumentationPluginsBootstrapper : Documentation plugins bootstrapped
15:11:17:002  INFO 137576 --- [main] d.s.w.p.DocumentationPluginsBootstrapper : Found 1 custom documentation plugin(s)
15:11:17:015  INFO 137576 --- [main] s.d.s.w.s.ApiListingReferenceScanner     : Scanning for api listing references
15:11:17:069  INFO 137576 --- [main] com.jndx.PayApplication                  : Started PayApplication in 5.657 seconds (JVM running for 6.172)
15:11:17:110  INFO 137576 --- [nacos-grpc-client-executor-10] com.alibaba.nacos.common.remote.client   : [55af42a7-21ce-4e24-b827-08de7a61f04f] Receive server push request, request = NotifySubscriberRequest, requestId = 10
15:11:17:112  INFO 137576 --- [nacos-grpc-client-executor-10] com.alibaba.nacos.common.remote.client   : [55af42a7-21ce-4e24-b827-08de7a61f04f] Ack server push request, request = NotifySubscriberRequest, requestId = 10
18:34:04:332  WARN 137576 --- [Thread-7] c.a.n.common.http.HttpClientBeanHolder   : [HttpClientBeanHolder] Start destroying common HttpClient
18:34:04:332  WARN 137576 --- [Thread-4] c.a.nacos.common.notify.NotifyCenter     : [NotifyCenter] Start destroying Publisher
18:34:04:384  WARN 137576 --- [Thread-4] c.a.nacos.common.notify.NotifyCenter     : [NotifyCenter] Destruction of the end
18:34:04:414  WARN 137576 --- [Thread-7] c.a.n.common.http.HttpClientBeanHolder   : [HttpClientBeanHolder] Destruction of the end
18:34:04:904  INFO 137576 --- [SpringApplicationShutdownHook] c.a.c.n.registry.NacosServiceRegistry    : De-registering from Nacos Server now...
18:34:04:927  INFO 137576 --- [SpringApplicationShutdownHook] c.a.c.n.registry.NacosServiceRegistry    : De-registration finished.
18:34:05:237  INFO 137576 --- [SpringApplicationShutdownHook] com.alibaba.nacos.common.remote.client   : Shutdown rpc client, set status to shutdown
18:34:05:238  INFO 137576 --- [SpringApplicationShutdownHook] com.alibaba.nacos.common.remote.client   : Shutdown client event executor java.util.concurrent.ScheduledThreadPoolExecutor@2e89eeb2[Running, pool size = 2, active threads = 2, queued tasks = 0, completed tasks = 0]
18:34:05:238  INFO 137576 --- [SpringApplicationShutdownHook] com.alibaba.nacos.common.remote.client   : Close current connection 1720077076877_192.168.10.5_13767
18:34:05:245  INFO 137576 --- [nacos-grpc-client-executor-2559] c.a.n.c.remote.client.grpc.GrpcClient    : [1720077076877_192.168.10.5_13767]Ignore complete event,isRunning:false,isAbandon=false
18:34:05:272  INFO 137576 --- [SpringApplicationShutdownHook] c.a.n.c.remote.client.grpc.GrpcClient    : Shutdown grpc executor java.util.concurrent.ThreadPoolExecutor@26596b89[Running, pool size = 5, active threads = 0, queued tasks = 0, completed tasks = 2560]
