10:16:15:633  INFO 151520 --- [main] com.jndx.user.UserApplication            : Starting UserApplication using Java 17.0.11 on DESKTOP-IJRS560 with PID 151520 (D:\BaiduNetdiskDownload\spring_cloud\day02-Docker\资料\hmall\user-service\target\classes started by gosling in D:\BaiduNetdiskDownload\spring_cloud\day02-Docker\资料\hmall)
10:16:15:636 DEBUG 151520 --- [main] com.jndx.user.UserApplication            : Running with Spring Boot v2.7.12, Spring v5.3.27
10:16:15:637  INFO 151520 --- [main] com.jndx.user.UserApplication            : The following 1 profile is active: "local"
10:16:16:217  INFO 151520 --- [main] .s.d.r.c.RepositoryConfigurationDelegate : Multiple Spring Data modules found, entering strict repository configuration mode
10:16:16:218  INFO 151520 --- [main] .s.d.r.c.RepositoryConfigurationDelegate : Bootstrapping Spring Data Redis repositories in DEFAULT mode.
10:16:16:236  INFO 151520 --- [main] .s.d.r.c.RepositoryConfigurationDelegate : Finished Spring Data repository scanning in 6 ms. Found 0 Redis repository interfaces.
10:16:16:363  INFO 151520 --- [main] o.s.cloud.context.scope.GenericScope     : BeanFactory id=3059291f-c2f8-3b23-af4b-17cf862c587d
10:16:16:636  INFO 151520 --- [main] o.s.b.w.embedded.tomcat.TomcatWebServer  : Tomcat initialized with port(s): 8083 (http)
10:16:16:637  INFO 151520 --- [main] o.a.catalina.core.AprLifecycleListener   : Loaded Apache Tomcat Native library [1.2.39] using APR version [1.7.4].
10:16:16:637  INFO 151520 --- [main] o.a.catalina.core.AprLifecycleListener   : APR capabilities: IPv6 [true], sendfile [true], accept filters [false], random [true], UDS [true].
10:16:16:637  INFO 151520 --- [main] o.a.catalina.core.AprLifecycleListener   : APR/OpenSSL configuration: useAprConnector [false], useOpenSSL [true]
10:16:16:642  INFO 151520 --- [main] o.a.catalina.core.AprLifecycleListener   : OpenSSL successfully initialized [OpenSSL 3.0.11 19 Sep 2023]
10:16:16:648  INFO 151520 --- [main] o.apache.catalina.core.StandardService   : Starting service [Tomcat]
10:16:16:648  INFO 151520 --- [main] org.apache.catalina.core.StandardEngine  : Starting Servlet engine: [Apache Tomcat/9.0.75]
10:16:16:737  INFO 151520 --- [main] o.a.c.c.C.[Tomcat].[localhost].[/]       : Initializing Spring embedded WebApplicationContext
10:16:16:738  INFO 151520 --- [main] w.s.c.ServletWebServerApplicationContext : Root WebApplicationContext: initialization completed in 1071 ms
10:16:18:273  INFO 151520 --- [main] pertySourcedRequestMappingHandlerMapping : Mapped URL path [/v2/api-docs] onto method [springfox.documentation.swagger2.web.Swagger2ControllerWebMvc#getDocumentation(String, HttpServletRequest)]
10:16:19:081  INFO 151520 --- [main] com.alibaba.nacos.common.remote.client   : [RpcClientFactory] create a new rpc client of cb7dec6e-667b-4d42-955b-97bf30e4fd02
10:16:19:122  INFO 151520 --- [main] org.reflections.Reflections              : Reflections took 20 ms to scan 1 urls, producing 3 keys and 6 values 
10:16:19:138  INFO 151520 --- [main] org.reflections.Reflections              : Reflections took 6 ms to scan 1 urls, producing 4 keys and 9 values 
10:16:19:146  INFO 151520 --- [main] org.reflections.Reflections              : Reflections took 7 ms to scan 1 urls, producing 3 keys and 10 values 
10:16:19:148  WARN 151520 --- [main] org.reflections.Reflections              : given scan urls are empty. set urls in the configuration
10:16:19:152  INFO 151520 --- [main] org.reflections.Reflections              : Reflections took 4 ms to scan 1 urls, producing 1 keys and 5 values 
10:16:19:158  INFO 151520 --- [main] org.reflections.Reflections              : Reflections took 5 ms to scan 1 urls, producing 1 keys and 7 values 
10:16:19:164  INFO 151520 --- [main] org.reflections.Reflections              : Reflections took 5 ms to scan 1 urls, producing 2 keys and 8 values 
10:16:19:165  WARN 151520 --- [main] org.reflections.Reflections              : given scan urls are empty. set urls in the configuration
10:16:19:165  INFO 151520 --- [main] com.alibaba.nacos.common.remote.client   : [cb7dec6e-667b-4d42-955b-97bf30e4fd02] RpcClient init label, labels = {module=naming, source=sdk}
10:16:19:167  INFO 151520 --- [main] com.alibaba.nacos.common.remote.client   : [cb7dec6e-667b-4d42-955b-97bf30e4fd02] RpcClient init, ServerListFactory = com.alibaba.nacos.client.naming.core.ServerListManager
10:16:19:167  INFO 151520 --- [main] com.alibaba.nacos.common.remote.client   : [cb7dec6e-667b-4d42-955b-97bf30e4fd02] Registry connection listener to current client:com.alibaba.nacos.client.naming.remote.gprc.redo.NamingGrpcRedoService
10:16:19:167  INFO 151520 --- [main] com.alibaba.nacos.common.remote.client   : [cb7dec6e-667b-4d42-955b-97bf30e4fd02] Register server push request handler:com.alibaba.nacos.client.naming.remote.gprc.NamingPushRequestHandler
10:16:19:168  INFO 151520 --- [main] com.alibaba.nacos.common.remote.client   : [cb7dec6e-667b-4d42-955b-97bf30e4fd02] Try to connect to server on start up, server: {serverIp = '192.168.10.3', server main port = 8848}
10:16:20:404  INFO 151520 --- [main] com.alibaba.nacos.common.remote.client   : [cb7dec6e-667b-4d42-955b-97bf30e4fd02] Success to connect to server [192.168.10.3:8848] on start up, connectionId = 1720145781321_192.168.10.5_14347
10:16:20:404  INFO 151520 --- [com.alibaba.nacos.client.remote.worker] com.alibaba.nacos.common.remote.client   : [cb7dec6e-667b-4d42-955b-97bf30e4fd02] Notify connected event to listeners.
10:16:20:405  INFO 151520 --- [main] com.alibaba.nacos.common.remote.client   : [cb7dec6e-667b-4d42-955b-97bf30e4fd02] Register server push request handler:com.alibaba.nacos.common.remote.client.RpcClient$ConnectResetRequestHandler
10:16:20:405  INFO 151520 --- [main] com.alibaba.nacos.common.remote.client   : [cb7dec6e-667b-4d42-955b-97bf30e4fd02] Register server push request handler:com.alibaba.nacos.common.remote.client.RpcClient$$Lambda$1092/0x000001ced786f690
10:16:20:440  INFO 151520 --- [main] o.s.b.w.embedded.tomcat.TomcatWebServer  : Tomcat started on port(s): 8083 (http) with context path ''
10:16:20:448  INFO 151520 --- [main] c.a.c.n.registry.NacosServiceRegistry    : nacos registry, DEFAULT_GROUP user-service 192.168.0.101:8083 register finished
10:16:20:912  INFO 151520 --- [main] d.s.w.p.DocumentationPluginsBootstrapper : Documentation plugins bootstrapped
10:16:20:914  INFO 151520 --- [main] d.s.w.p.DocumentationPluginsBootstrapper : Found 1 custom documentation plugin(s)
10:16:20:928  INFO 151520 --- [main] s.d.s.w.s.ApiListingReferenceScanner     : Scanning for api listing references
10:16:20:941  INFO 151520 --- [nacos-grpc-client-executor-10] com.alibaba.nacos.common.remote.client   : [cb7dec6e-667b-4d42-955b-97bf30e4fd02] Receive server push request, request = NotifySubscriberRequest, requestId = 125
10:16:20:944  INFO 151520 --- [nacos-grpc-client-executor-10] com.alibaba.nacos.common.remote.client   : [cb7dec6e-667b-4d42-955b-97bf30e4fd02] Ack server push request, request = NotifySubscriberRequest, requestId = 125
10:16:20:997  INFO 151520 --- [main] com.jndx.user.UserApplication            : Started UserApplication in 6.353 seconds (JVM running for 7.107)
10:16:38:896  INFO 151520 --- [http-nio-8083-exec-1] o.a.c.c.C.[Tomcat].[localhost].[/]       : Initializing Spring DispatcherServlet 'dispatcherServlet'
10:16:38:896  INFO 151520 --- [http-nio-8083-exec-1] o.s.web.servlet.DispatcherServlet        : Initializing Servlet 'dispatcherServlet'
10:16:38:897  INFO 151520 --- [http-nio-8083-exec-1] o.s.web.servlet.DispatcherServlet        : Completed initialization in 1 ms
10:16:39:005  INFO 151520 --- [http-nio-8083-exec-1] com.zaxxer.hikari.HikariDataSource       : HikariPool-1 - Starting...
10:16:39:214  INFO 151520 --- [http-nio-8083-exec-1] com.zaxxer.hikari.HikariDataSource       : HikariPool-1 - Start completed.
10:16:39:219 DEBUG 151520 --- [http-nio-8083-exec-1] c.jndx.user.mapper.UserMapper.selectOne  : ==>  Preparing: SELECT id,username,password,phone,create_time,update_time,status,balance FROM user WHERE (username = ?)
10:16:39:237 DEBUG 151520 --- [http-nio-8083-exec-1] c.jndx.user.mapper.UserMapper.selectOne  : ==> Parameters: jack(String)
10:16:39:262 DEBUG 151520 --- [http-nio-8083-exec-1] c.jndx.user.mapper.UserMapper.selectOne  : <==      Total: 1
10:21:42:538 DEBUG 151520 --- [http-nio-8083-exec-3] c.j.u.mapper.AddressMapper.selectList    : ==>  Preparing: SELECT id,user_id,province,city,town,mobile,street,contact,is_default,notes FROM address WHERE (user_id = ?)
10:21:42:539 DEBUG 151520 --- [http-nio-8083-exec-3] c.j.u.mapper.AddressMapper.selectList    : ==> Parameters: 1(Long)
10:21:42:544 DEBUG 151520 --- [http-nio-8083-exec-3] c.j.u.mapper.AddressMapper.selectList    : <==      Total: 4
10:22:37:596 DEBUG 151520 --- [http-nio-8083-exec-4] c.j.u.mapper.AddressMapper.selectList    : ==>  Preparing: SELECT id,user_id,province,city,town,mobile,street,contact,is_default,notes FROM address WHERE (user_id = ?)
10:22:37:597 DEBUG 151520 --- [http-nio-8083-exec-4] c.j.u.mapper.AddressMapper.selectList    : ==> Parameters: 1(Long)
10:22:37:598 DEBUG 151520 --- [http-nio-8083-exec-4] c.j.u.mapper.AddressMapper.selectList    : <==      Total: 4
11:18:04:893 DEBUG 151520 --- [http-nio-8083-exec-6] c.jndx.user.mapper.UserMapper.selectOne  : ==>  Preparing: SELECT id,username,password,phone,create_time,update_time,status,balance FROM user WHERE (username = ?)
11:18:04:897 DEBUG 151520 --- [http-nio-8083-exec-6] c.jndx.user.mapper.UserMapper.selectOne  : ==> Parameters: jack(String)
11:18:04:904 DEBUG 151520 --- [http-nio-8083-exec-6] c.jndx.user.mapper.UserMapper.selectOne  : <==      Total: 1
11:59:33:470 DEBUG 151520 --- [http-nio-8083-exec-8] c.jndx.user.mapper.UserMapper.selectOne  : ==>  Preparing: SELECT id,username,password,phone,create_time,update_time,status,balance FROM user WHERE (username = ?)
11:59:33:479 DEBUG 151520 --- [http-nio-8083-exec-8] c.jndx.user.mapper.UserMapper.selectOne  : ==> Parameters: jack(String)
11:59:33:490 DEBUG 151520 --- [http-nio-8083-exec-8] c.jndx.user.mapper.UserMapper.selectOne  : <==      Total: 1
13:52:46:647  WARN 151520 --- [Thread-7] c.a.n.common.http.HttpClientBeanHolder   : [HttpClientBeanHolder] Start destroying common HttpClient
13:52:46:647  WARN 151520 --- [Thread-4] c.a.nacos.common.notify.NotifyCenter     : [NotifyCenter] Start destroying Publisher
13:52:46:681  WARN 151520 --- [Thread-4] c.a.nacos.common.notify.NotifyCenter     : [NotifyCenter] Destruction of the end
13:52:46:735  WARN 151520 --- [Thread-7] c.a.n.common.http.HttpClientBeanHolder   : [HttpClientBeanHolder] Destruction of the end
13:52:47:652  INFO 151520 --- [SpringApplicationShutdownHook] c.a.c.n.registry.NacosServiceRegistry    : De-registering from Nacos Server now...
13:52:47:671  INFO 151520 --- [SpringApplicationShutdownHook] c.a.c.n.registry.NacosServiceRegistry    : De-registration finished.
13:52:47:980  INFO 151520 --- [SpringApplicationShutdownHook] com.alibaba.nacos.common.remote.client   : Shutdown rpc client, set status to shutdown
13:52:47:982  INFO 151520 --- [SpringApplicationShutdownHook] com.alibaba.nacos.common.remote.client   : Shutdown client event executor java.util.concurrent.ScheduledThreadPoolExecutor@3cd25fec[Running, pool size = 2, active threads = 2, queued tasks = 0, completed tasks = 0]
13:52:47:983  INFO 151520 --- [SpringApplicationShutdownHook] com.alibaba.nacos.common.remote.client   : Close current connection 1720145781321_192.168.10.5_14347
13:52:48:001  INFO 151520 --- [nacos-grpc-client-executor-2659] c.a.n.c.remote.client.grpc.GrpcClient    : [1720145781321_192.168.10.5_14347]Ignore complete event,isRunning:false,isAbandon=false
13:52:48:019  INFO 151520 --- [SpringApplicationShutdownHook] c.a.n.c.remote.client.grpc.GrpcClient    : Shutdown grpc executor java.util.concurrent.ThreadPoolExecutor@75635e09[Running, pool size = 5, active threads = 0, queued tasks = 0, completed tasks = 2660]
13:52:48:036  INFO 151520 --- [SpringApplicationShutdownHook] com.zaxxer.hikari.HikariDataSource       : HikariPool-1 - Shutdown initiated...
13:52:48:047  INFO 151520 --- [SpringApplicationShutdownHook] com.zaxxer.hikari.HikariDataSource       : HikariPool-1 - Shutdown completed.
13:52:54:675  INFO 161580 --- [main] com.jndx.user.UserApplication            : Starting UserApplication using Java 17.0.11 on DESKTOP-IJRS560 with PID 161580 (D:\BaiduNetdiskDownload\spring_cloud\day02-Docker\资料\hmall\user-service\target\classes started by gosling in D:\BaiduNetdiskDownload\spring_cloud\day02-Docker\资料\hmall)
13:52:54:677 DEBUG 161580 --- [main] com.jndx.user.UserApplication            : Running with Spring Boot v2.7.12, Spring v5.3.27
13:52:54:677  INFO 161580 --- [main] com.jndx.user.UserApplication            : The following 1 profile is active: "local"
13:52:55:394  INFO 161580 --- [main] .s.d.r.c.RepositoryConfigurationDelegate : Multiple Spring Data modules found, entering strict repository configuration mode
13:52:55:396  INFO 161580 --- [main] .s.d.r.c.RepositoryConfigurationDelegate : Bootstrapping Spring Data Redis repositories in DEFAULT mode.
13:52:55:418  INFO 161580 --- [main] .s.d.r.c.RepositoryConfigurationDelegate : Finished Spring Data repository scanning in 8 ms. Found 0 Redis repository interfaces.
13:52:55:595  INFO 161580 --- [main] o.s.cloud.context.scope.GenericScope     : BeanFactory id=3059291f-c2f8-3b23-af4b-17cf862c587d
13:52:56:023  INFO 161580 --- [main] o.s.b.w.embedded.tomcat.TomcatWebServer  : Tomcat initialized with port(s): 8083 (http)
13:52:56:023  INFO 161580 --- [main] o.a.catalina.core.AprLifecycleListener   : Loaded Apache Tomcat Native library [1.2.39] using APR version [1.7.4].
13:52:56:024  INFO 161580 --- [main] o.a.catalina.core.AprLifecycleListener   : APR capabilities: IPv6 [true], sendfile [true], accept filters [false], random [true], UDS [true].
13:52:56:024  INFO 161580 --- [main] o.a.catalina.core.AprLifecycleListener   : APR/OpenSSL configuration: useAprConnector [false], useOpenSSL [true]
13:52:56:032  INFO 161580 --- [main] o.a.catalina.core.AprLifecycleListener   : OpenSSL successfully initialized [OpenSSL 3.0.11 19 Sep 2023]
13:52:56:042  INFO 161580 --- [main] o.apache.catalina.core.StandardService   : Starting service [Tomcat]
13:52:56:042  INFO 161580 --- [main] org.apache.catalina.core.StandardEngine  : Starting Servlet engine: [Apache Tomcat/9.0.75]
13:52:56:177  INFO 161580 --- [main] o.a.c.c.C.[Tomcat].[localhost].[/]       : Initializing Spring embedded WebApplicationContext
13:52:56:178  INFO 161580 --- [main] w.s.c.ServletWebServerApplicationContext : Root WebApplicationContext: initialization completed in 1467 ms
13:52:58:251  INFO 161580 --- [main] pertySourcedRequestMappingHandlerMapping : Mapped URL path [/v2/api-docs] onto method [springfox.documentation.swagger2.web.Swagger2ControllerWebMvc#getDocumentation(String, HttpServletRequest)]
13:52:59:443  INFO 161580 --- [main] com.alibaba.nacos.common.remote.client   : [RpcClientFactory] create a new rpc client of 40aa26cf-94af-4b4f-aab5-7c8a527549dd
13:52:59:503  INFO 161580 --- [main] org.reflections.Reflections              : Reflections took 27 ms to scan 1 urls, producing 3 keys and 6 values 
13:52:59:526  INFO 161580 --- [main] org.reflections.Reflections              : Reflections took 9 ms to scan 1 urls, producing 4 keys and 9 values 
13:52:59:535  INFO 161580 --- [main] org.reflections.Reflections              : Reflections took 7 ms to scan 1 urls, producing 3 keys and 10 values 
13:52:59:537  WARN 161580 --- [main] org.reflections.Reflections              : given scan urls are empty. set urls in the configuration
13:52:59:546  INFO 161580 --- [main] org.reflections.Reflections              : Reflections took 8 ms to scan 1 urls, producing 1 keys and 5 values 
13:52:59:554  INFO 161580 --- [main] org.reflections.Reflections              : Reflections took 6 ms to scan 1 urls, producing 1 keys and 7 values 
13:52:59:566  INFO 161580 --- [main] org.reflections.Reflections              : Reflections took 10 ms to scan 1 urls, producing 2 keys and 8 values 
13:52:59:568  WARN 161580 --- [main] org.reflections.Reflections              : given scan urls are empty. set urls in the configuration
13:52:59:569  INFO 161580 --- [main] com.alibaba.nacos.common.remote.client   : [40aa26cf-94af-4b4f-aab5-7c8a527549dd] RpcClient init label, labels = {module=naming, source=sdk}
13:52:59:570  INFO 161580 --- [main] com.alibaba.nacos.common.remote.client   : [40aa26cf-94af-4b4f-aab5-7c8a527549dd] RpcClient init, ServerListFactory = com.alibaba.nacos.client.naming.core.ServerListManager
13:52:59:571  INFO 161580 --- [main] com.alibaba.nacos.common.remote.client   : [40aa26cf-94af-4b4f-aab5-7c8a527549dd] Registry connection listener to current client:com.alibaba.nacos.client.naming.remote.gprc.redo.NamingGrpcRedoService
13:52:59:571  INFO 161580 --- [main] com.alibaba.nacos.common.remote.client   : [40aa26cf-94af-4b4f-aab5-7c8a527549dd] Register server push request handler:com.alibaba.nacos.client.naming.remote.gprc.NamingPushRequestHandler
13:52:59:573  INFO 161580 --- [main] com.alibaba.nacos.common.remote.client   : [40aa26cf-94af-4b4f-aab5-7c8a527549dd] Try to connect to server on start up, server: {serverIp = '192.168.10.3', server main port = 8848}
13:53:00:990  INFO 161580 --- [main] com.alibaba.nacos.common.remote.client   : [40aa26cf-94af-4b4f-aab5-7c8a527549dd] Success to connect to server [192.168.10.3:8848] on start up, connectionId = 1720158782000_192.168.10.5_5664
13:53:00:990  INFO 161580 --- [com.alibaba.nacos.client.remote.worker] com.alibaba.nacos.common.remote.client   : [40aa26cf-94af-4b4f-aab5-7c8a527549dd] Notify connected event to listeners.
13:53:00:991  INFO 161580 --- [main] com.alibaba.nacos.common.remote.client   : [40aa26cf-94af-4b4f-aab5-7c8a527549dd] Register server push request handler:com.alibaba.nacos.common.remote.client.RpcClient$ConnectResetRequestHandler
13:53:00:991  INFO 161580 --- [main] com.alibaba.nacos.common.remote.client   : [40aa26cf-94af-4b4f-aab5-7c8a527549dd] Register server push request handler:com.alibaba.nacos.common.remote.client.RpcClient$$Lambda$1092/0x000001da0186f688
13:53:01:028  INFO 161580 --- [main] o.s.b.w.embedded.tomcat.TomcatWebServer  : Tomcat started on port(s): 8083 (http) with context path ''
13:53:01:036  INFO 161580 --- [main] c.a.c.n.registry.NacosServiceRegistry    : nacos registry, DEFAULT_GROUP user-service 192.168.0.101:8083 register finished
13:53:01:543  INFO 161580 --- [nacos-grpc-client-executor-9] com.alibaba.nacos.common.remote.client   : [40aa26cf-94af-4b4f-aab5-7c8a527549dd] Receive server push request, request = NotifySubscriberRequest, requestId = 153
13:53:01:545  INFO 161580 --- [nacos-grpc-client-executor-9] com.alibaba.nacos.common.remote.client   : [40aa26cf-94af-4b4f-aab5-7c8a527549dd] Ack server push request, request = NotifySubscriberRequest, requestId = 153
13:53:01:565  INFO 161580 --- [main] d.s.w.p.DocumentationPluginsBootstrapper : Documentation plugins bootstrapped
13:53:01:568  INFO 161580 --- [main] d.s.w.p.DocumentationPluginsBootstrapper : Found 1 custom documentation plugin(s)
13:53:01:583  INFO 161580 --- [main] s.d.s.w.s.ApiListingReferenceScanner     : Scanning for api listing references
13:53:01:653  INFO 161580 --- [main] com.jndx.user.UserApplication            : Started UserApplication in 7.938 seconds (JVM running for 8.515)
14:37:53:485  INFO 161580 --- [http-nio-8083-exec-1] o.a.c.c.C.[Tomcat].[localhost].[/]       : Initializing Spring DispatcherServlet 'dispatcherServlet'
14:37:53:494  INFO 161580 --- [http-nio-8083-exec-1] o.s.web.servlet.DispatcherServlet        : Initializing Servlet 'dispatcherServlet'
14:37:53:554  INFO 161580 --- [http-nio-8083-exec-1] o.s.web.servlet.DispatcherServlet        : Completed initialization in 59 ms
14:37:53:890  INFO 161580 --- [http-nio-8083-exec-1] com.zaxxer.hikari.HikariDataSource       : HikariPool-1 - Starting...
14:37:54:179  INFO 161580 --- [http-nio-8083-exec-1] com.zaxxer.hikari.HikariDataSource       : HikariPool-1 - Start completed.
14:37:54:187 DEBUG 161580 --- [http-nio-8083-exec-1] c.jndx.user.mapper.UserMapper.selectOne  : ==>  Preparing: SELECT id,username,password,phone,create_time,update_time,status,balance FROM user WHERE (username = ?)
14:37:54:213 DEBUG 161580 --- [http-nio-8083-exec-1] c.jndx.user.mapper.UserMapper.selectOne  : ==> Parameters: jack(String)
14:37:54:241 DEBUG 161580 --- [http-nio-8083-exec-1] c.jndx.user.mapper.UserMapper.selectOne  : <==      Total: 1
14:37:58:838 DEBUG 161580 --- [http-nio-8083-exec-2] c.jndx.user.mapper.UserMapper.selectOne  : ==>  Preparing: SELECT id,username,password,phone,create_time,update_time,status,balance FROM user WHERE (username = ?)
14:37:58:838 DEBUG 161580 --- [http-nio-8083-exec-2] c.jndx.user.mapper.UserMapper.selectOne  : ==> Parameters: jack(String)
14:37:58:840 DEBUG 161580 --- [http-nio-8083-exec-2] c.jndx.user.mapper.UserMapper.selectOne  : <==      Total: 1
14:48:21:633 DEBUG 161580 --- [http-nio-8083-exec-4] c.jndx.user.mapper.UserMapper.selectOne  : ==>  Preparing: SELECT id,username,password,phone,create_time,update_time,status,balance FROM user WHERE (username = ?)
14:48:21:640 DEBUG 161580 --- [http-nio-8083-exec-4] c.jndx.user.mapper.UserMapper.selectOne  : ==> Parameters: lucy(String)
14:48:21:645 DEBUG 161580 --- [http-nio-8083-exec-4] c.jndx.user.mapper.UserMapper.selectOne  : <==      Total: 0
14:48:21:716 ERROR 161580 --- [http-nio-8083-exec-4] o.a.c.c.C.[.[.[/].[dispatcherServlet]    : Servlet.service() for servlet [dispatcherServlet] in context with path [] threw exception [Request processing failed; nested exception is java.lang.IllegalArgumentException: 用户名错误] with root cause

java.lang.IllegalArgumentException: 用户名错误
	at org.springframework.util.Assert.notNull(Assert.java:201) ~[spring-core-5.3.27.jar:5.3.27]
	at com.jndx.user.service.impl.UserServiceImpl.login(UserServiceImpl.java:48) ~[classes/:na]
	at com.jndx.user.service.impl.UserServiceImpl$$FastClassBySpringCGLIB$$e48a240f.invoke(<generated>) ~[classes/:na]
	at org.springframework.cglib.proxy.MethodProxy.invoke(MethodProxy.java:218) ~[spring-core-5.3.27.jar:5.3.27]
	at org.springframework.aop.framework.CglibAopProxy.invokeMethod(CglibAopProxy.java:386) ~[spring-aop-5.3.27.jar:5.3.27]
	at org.springframework.aop.framework.CglibAopProxy.access$000(CglibAopProxy.java:85) ~[spring-aop-5.3.27.jar:5.3.27]
	at org.springframework.aop.framework.CglibAopProxy$DynamicAdvisedInterceptor.intercept(CglibAopProxy.java:704) ~[spring-aop-5.3.27.jar:5.3.27]
	at com.jndx.user.service.impl.UserServiceImpl$$EnhancerBySpringCGLIB$$7984e14a.login(<generated>) ~[classes/:na]
	at com.jndx.user.controller.UserController.login(UserController.java:25) ~[classes/:na]
	at java.base/jdk.internal.reflect.NativeMethodAccessorImpl.invoke0(Native Method) ~[na:na]
	at java.base/jdk.internal.reflect.NativeMethodAccessorImpl.invoke(NativeMethodAccessorImpl.java:77) ~[na:na]
	at java.base/jdk.internal.reflect.DelegatingMethodAccessorImpl.invoke(DelegatingMethodAccessorImpl.java:43) ~[na:na]
	at java.base/java.lang.reflect.Method.invoke(Method.java:568) ~[na:na]
	at org.springframework.web.method.support.InvocableHandlerMethod.doInvoke(InvocableHandlerMethod.java:205) ~[spring-web-5.3.27.jar:5.3.27]
	at org.springframework.web.method.support.InvocableHandlerMethod.invokeForRequest(InvocableHandlerMethod.java:150) ~[spring-web-5.3.27.jar:5.3.27]
	at org.springframework.web.servlet.mvc.method.annotation.ServletInvocableHandlerMethod.invokeAndHandle(ServletInvocableHandlerMethod.java:117) ~[spring-webmvc-5.3.27.jar:5.3.27]
	at org.springframework.web.servlet.mvc.method.annotation.RequestMappingHandlerAdapter.invokeHandlerMethod(RequestMappingHandlerAdapter.java:895) ~[spring-webmvc-5.3.27.jar:5.3.27]
	at org.springframework.web.servlet.mvc.method.annotation.RequestMappingHandlerAdapter.handleInternal(RequestMappingHandlerAdapter.java:808) ~[spring-webmvc-5.3.27.jar:5.3.27]
	at org.springframework.web.servlet.mvc.method.AbstractHandlerMethodAdapter.handle(AbstractHandlerMethodAdapter.java:87) ~[spring-webmvc-5.3.27.jar:5.3.27]
	at org.springframework.web.servlet.DispatcherServlet.doDispatch(DispatcherServlet.java:1072) ~[spring-webmvc-5.3.27.jar:5.3.27]
	at org.springframework.web.servlet.DispatcherServlet.doService(DispatcherServlet.java:965) ~[spring-webmvc-5.3.27.jar:5.3.27]
	at org.springframework.web.servlet.FrameworkServlet.processRequest(FrameworkServlet.java:1006) ~[spring-webmvc-5.3.27.jar:5.3.27]
	at org.springframework.web.servlet.FrameworkServlet.doPost(FrameworkServlet.java:909) ~[spring-webmvc-5.3.27.jar:5.3.27]
	at javax.servlet.http.HttpServlet.service(HttpServlet.java:555) ~[tomcat-embed-core-9.0.75.jar:4.0.FR]
	at org.springframework.web.servlet.FrameworkServlet.service(FrameworkServlet.java:883) ~[spring-webmvc-5.3.27.jar:5.3.27]
	at javax.servlet.http.HttpServlet.service(HttpServlet.java:623) ~[tomcat-embed-core-9.0.75.jar:4.0.FR]
	at org.apache.catalina.core.ApplicationFilterChain.internalDoFilter(ApplicationFilterChain.java:209) ~[tomcat-embed-core-9.0.75.jar:9.0.75]
	at org.apache.catalina.core.ApplicationFilterChain.doFilter(ApplicationFilterChain.java:153) ~[tomcat-embed-core-9.0.75.jar:9.0.75]
	at org.apache.tomcat.websocket.server.WsFilter.doFilter(WsFilter.java:51) ~[tomcat-embed-websocket-9.0.75.jar:9.0.75]
	at org.apache.catalina.core.ApplicationFilterChain.internalDoFilter(ApplicationFilterChain.java:178) ~[tomcat-embed-core-9.0.75.jar:9.0.75]
	at org.apache.catalina.core.ApplicationFilterChain.doFilter(ApplicationFilterChain.java:153) ~[tomcat-embed-core-9.0.75.jar:9.0.75]
	at org.springframework.web.filter.RequestContextFilter.doFilterInternal(RequestContextFilter.java:100) ~[spring-web-5.3.27.jar:5.3.27]
	at org.springframework.web.filter.OncePerRequestFilter.doFilter(OncePerRequestFilter.java:117) ~[spring-web-5.3.27.jar:5.3.27]
	at org.apache.catalina.core.ApplicationFilterChain.internalDoFilter(ApplicationFilterChain.java:178) ~[tomcat-embed-core-9.0.75.jar:9.0.75]
	at org.apache.catalina.core.ApplicationFilterChain.doFilter(ApplicationFilterChain.java:153) ~[tomcat-embed-core-9.0.75.jar:9.0.75]
	at org.springframework.web.filter.FormContentFilter.doFilterInternal(FormContentFilter.java:93) ~[spring-web-5.3.27.jar:5.3.27]
	at org.springframework.web.filter.OncePerRequestFilter.doFilter(OncePerRequestFilter.java:117) ~[spring-web-5.3.27.jar:5.3.27]
	at org.apache.catalina.core.ApplicationFilterChain.internalDoFilter(ApplicationFilterChain.java:178) ~[tomcat-embed-core-9.0.75.jar:9.0.75]
	at org.apache.catalina.core.ApplicationFilterChain.doFilter(ApplicationFilterChain.java:153) ~[tomcat-embed-core-9.0.75.jar:9.0.75]
	at org.springframework.web.filter.CharacterEncodingFilter.doFilterInternal(CharacterEncodingFilter.java:201) ~[spring-web-5.3.27.jar:5.3.27]
	at org.springframework.web.filter.OncePerRequestFilter.doFilter(OncePerRequestFilter.java:117) ~[spring-web-5.3.27.jar:5.3.27]
	at org.apache.catalina.core.ApplicationFilterChain.internalDoFilter(ApplicationFilterChain.java:178) ~[tomcat-embed-core-9.0.75.jar:9.0.75]
	at org.apache.catalina.core.ApplicationFilterChain.doFilter(ApplicationFilterChain.java:153) ~[tomcat-embed-core-9.0.75.jar:9.0.75]
	at org.apache.catalina.core.StandardWrapperValve.invoke(StandardWrapperValve.java:167) ~[tomcat-embed-core-9.0.75.jar:9.0.75]
	at org.apache.catalina.core.StandardContextValve.invoke(StandardContextValve.java:90) ~[tomcat-embed-core-9.0.75.jar:9.0.75]
	at org.apache.catalina.authenticator.AuthenticatorBase.invoke(AuthenticatorBase.java:481) ~[tomcat-embed-core-9.0.75.jar:9.0.75]
	at org.apache.catalina.core.StandardHostValve.invoke(StandardHostValve.java:130) ~[tomcat-embed-core-9.0.75.jar:9.0.75]
	at org.apache.catalina.valves.ErrorReportValve.invoke(ErrorReportValve.java:93) ~[tomcat-embed-core-9.0.75.jar:9.0.75]
	at org.apache.catalina.core.StandardEngineValve.invoke(StandardEngineValve.java:74) ~[tomcat-embed-core-9.0.75.jar:9.0.75]
	at org.apache.catalina.connector.CoyoteAdapter.service(CoyoteAdapter.java:343) ~[tomcat-embed-core-9.0.75.jar:9.0.75]
	at org.apache.coyote.http11.Http11Processor.service(Http11Processor.java:390) ~[tomcat-embed-core-9.0.75.jar:9.0.75]
	at org.apache.coyote.AbstractProcessorLight.process(AbstractProcessorLight.java:63) ~[tomcat-embed-core-9.0.75.jar:9.0.75]
	at org.apache.coyote.AbstractProtocol$ConnectionHandler.process(AbstractProtocol.java:926) ~[tomcat-embed-core-9.0.75.jar:9.0.75]
	at org.apache.tomcat.util.net.NioEndpoint$SocketProcessor.doRun(NioEndpoint.java:1791) ~[tomcat-embed-core-9.0.75.jar:9.0.75]
	at org.apache.tomcat.util.net.SocketProcessorBase.run(SocketProcessorBase.java:52) ~[tomcat-embed-core-9.0.75.jar:9.0.75]
	at org.apache.tomcat.util.threads.ThreadPoolExecutor.runWorker(ThreadPoolExecutor.java:1191) ~[tomcat-embed-core-9.0.75.jar:9.0.75]
	at org.apache.tomcat.util.threads.ThreadPoolExecutor$Worker.run(ThreadPoolExecutor.java:659) ~[tomcat-embed-core-9.0.75.jar:9.0.75]
	at org.apache.tomcat.util.threads.TaskThread$WrappingRunnable.run(TaskThread.java:61) ~[tomcat-embed-core-9.0.75.jar:9.0.75]
	at java.base/java.lang.Thread.run(Thread.java:842) ~[na:na]

14:48:32:013 DEBUG 161580 --- [http-nio-8083-exec-5] c.jndx.user.mapper.UserMapper.selectOne  : ==>  Preparing: SELECT id,username,password,phone,create_time,update_time,status,balance FROM user WHERE (username = ?)
14:48:32:013 DEBUG 161580 --- [http-nio-8083-exec-5] c.jndx.user.mapper.UserMapper.selectOne  : ==> Parameters: lucy(String)
14:48:32:014 DEBUG 161580 --- [http-nio-8083-exec-5] c.jndx.user.mapper.UserMapper.selectOne  : <==      Total: 0
14:48:32:016 ERROR 161580 --- [http-nio-8083-exec-5] o.a.c.c.C.[.[.[/].[dispatcherServlet]    : Servlet.service() for servlet [dispatcherServlet] in context with path [] threw exception [Request processing failed; nested exception is java.lang.IllegalArgumentException: 用户名错误] with root cause

java.lang.IllegalArgumentException: 用户名错误
	at org.springframework.util.Assert.notNull(Assert.java:201) ~[spring-core-5.3.27.jar:5.3.27]
	at com.jndx.user.service.impl.UserServiceImpl.login(UserServiceImpl.java:48) ~[classes/:na]
	at com.jndx.user.service.impl.UserServiceImpl$$FastClassBySpringCGLIB$$e48a240f.invoke(<generated>) ~[classes/:na]
	at org.springframework.cglib.proxy.MethodProxy.invoke(MethodProxy.java:218) ~[spring-core-5.3.27.jar:5.3.27]
	at org.springframework.aop.framework.CglibAopProxy.invokeMethod(CglibAopProxy.java:386) ~[spring-aop-5.3.27.jar:5.3.27]
	at org.springframework.aop.framework.CglibAopProxy.access$000(CglibAopProxy.java:85) ~[spring-aop-5.3.27.jar:5.3.27]
	at org.springframework.aop.framework.CglibAopProxy$DynamicAdvisedInterceptor.intercept(CglibAopProxy.java:704) ~[spring-aop-5.3.27.jar:5.3.27]
	at com.jndx.user.service.impl.UserServiceImpl$$EnhancerBySpringCGLIB$$7984e14a.login(<generated>) ~[classes/:na]
	at com.jndx.user.controller.UserController.login(UserController.java:25) ~[classes/:na]
	at java.base/jdk.internal.reflect.NativeMethodAccessorImpl.invoke0(Native Method) ~[na:na]
	at java.base/jdk.internal.reflect.NativeMethodAccessorImpl.invoke(NativeMethodAccessorImpl.java:77) ~[na:na]
	at java.base/jdk.internal.reflect.DelegatingMethodAccessorImpl.invoke(DelegatingMethodAccessorImpl.java:43) ~[na:na]
	at java.base/java.lang.reflect.Method.invoke(Method.java:568) ~[na:na]
	at org.springframework.web.method.support.InvocableHandlerMethod.doInvoke(InvocableHandlerMethod.java:205) ~[spring-web-5.3.27.jar:5.3.27]
	at org.springframework.web.method.support.InvocableHandlerMethod.invokeForRequest(InvocableHandlerMethod.java:150) ~[spring-web-5.3.27.jar:5.3.27]
	at org.springframework.web.servlet.mvc.method.annotation.ServletInvocableHandlerMethod.invokeAndHandle(ServletInvocableHandlerMethod.java:117) ~[spring-webmvc-5.3.27.jar:5.3.27]
	at org.springframework.web.servlet.mvc.method.annotation.RequestMappingHandlerAdapter.invokeHandlerMethod(RequestMappingHandlerAdapter.java:895) ~[spring-webmvc-5.3.27.jar:5.3.27]
	at org.springframework.web.servlet.mvc.method.annotation.RequestMappingHandlerAdapter.handleInternal(RequestMappingHandlerAdapter.java:808) ~[spring-webmvc-5.3.27.jar:5.3.27]
	at org.springframework.web.servlet.mvc.method.AbstractHandlerMethodAdapter.handle(AbstractHandlerMethodAdapter.java:87) ~[spring-webmvc-5.3.27.jar:5.3.27]
	at org.springframework.web.servlet.DispatcherServlet.doDispatch(DispatcherServlet.java:1072) ~[spring-webmvc-5.3.27.jar:5.3.27]
	at org.springframework.web.servlet.DispatcherServlet.doService(DispatcherServlet.java:965) ~[spring-webmvc-5.3.27.jar:5.3.27]
	at org.springframework.web.servlet.FrameworkServlet.processRequest(FrameworkServlet.java:1006) ~[spring-webmvc-5.3.27.jar:5.3.27]
	at org.springframework.web.servlet.FrameworkServlet.doPost(FrameworkServlet.java:909) ~[spring-webmvc-5.3.27.jar:5.3.27]
	at javax.servlet.http.HttpServlet.service(HttpServlet.java:555) ~[tomcat-embed-core-9.0.75.jar:4.0.FR]
	at org.springframework.web.servlet.FrameworkServlet.service(FrameworkServlet.java:883) ~[spring-webmvc-5.3.27.jar:5.3.27]
	at javax.servlet.http.HttpServlet.service(HttpServlet.java:623) ~[tomcat-embed-core-9.0.75.jar:4.0.FR]
	at org.apache.catalina.core.ApplicationFilterChain.internalDoFilter(ApplicationFilterChain.java:209) ~[tomcat-embed-core-9.0.75.jar:9.0.75]
	at org.apache.catalina.core.ApplicationFilterChain.doFilter(ApplicationFilterChain.java:153) ~[tomcat-embed-core-9.0.75.jar:9.0.75]
	at org.apache.tomcat.websocket.server.WsFilter.doFilter(WsFilter.java:51) ~[tomcat-embed-websocket-9.0.75.jar:9.0.75]
	at org.apache.catalina.core.ApplicationFilterChain.internalDoFilter(ApplicationFilterChain.java:178) ~[tomcat-embed-core-9.0.75.jar:9.0.75]
	at org.apache.catalina.core.ApplicationFilterChain.doFilter(ApplicationFilterChain.java:153) ~[tomcat-embed-core-9.0.75.jar:9.0.75]
	at org.springframework.web.filter.RequestContextFilter.doFilterInternal(RequestContextFilter.java:100) ~[spring-web-5.3.27.jar:5.3.27]
	at org.springframework.web.filter.OncePerRequestFilter.doFilter(OncePerRequestFilter.java:117) ~[spring-web-5.3.27.jar:5.3.27]
	at org.apache.catalina.core.ApplicationFilterChain.internalDoFilter(ApplicationFilterChain.java:178) ~[tomcat-embed-core-9.0.75.jar:9.0.75]
	at org.apache.catalina.core.ApplicationFilterChain.doFilter(ApplicationFilterChain.java:153) ~[tomcat-embed-core-9.0.75.jar:9.0.75]
	at org.springframework.web.filter.FormContentFilter.doFilterInternal(FormContentFilter.java:93) ~[spring-web-5.3.27.jar:5.3.27]
	at org.springframework.web.filter.OncePerRequestFilter.doFilter(OncePerRequestFilter.java:117) ~[spring-web-5.3.27.jar:5.3.27]
	at org.apache.catalina.core.ApplicationFilterChain.internalDoFilter(ApplicationFilterChain.java:178) ~[tomcat-embed-core-9.0.75.jar:9.0.75]
	at org.apache.catalina.core.ApplicationFilterChain.doFilter(ApplicationFilterChain.java:153) ~[tomcat-embed-core-9.0.75.jar:9.0.75]
	at org.springframework.web.filter.CharacterEncodingFilter.doFilterInternal(CharacterEncodingFilter.java:201) ~[spring-web-5.3.27.jar:5.3.27]
	at org.springframework.web.filter.OncePerRequestFilter.doFilter(OncePerRequestFilter.java:117) ~[spring-web-5.3.27.jar:5.3.27]
	at org.apache.catalina.core.ApplicationFilterChain.internalDoFilter(ApplicationFilterChain.java:178) ~[tomcat-embed-core-9.0.75.jar:9.0.75]
	at org.apache.catalina.core.ApplicationFilterChain.doFilter(ApplicationFilterChain.java:153) ~[tomcat-embed-core-9.0.75.jar:9.0.75]
	at org.apache.catalina.core.StandardWrapperValve.invoke(StandardWrapperValve.java:167) ~[tomcat-embed-core-9.0.75.jar:9.0.75]
	at org.apache.catalina.core.StandardContextValve.invoke(StandardContextValve.java:90) ~[tomcat-embed-core-9.0.75.jar:9.0.75]
	at org.apache.catalina.authenticator.AuthenticatorBase.invoke(AuthenticatorBase.java:481) ~[tomcat-embed-core-9.0.75.jar:9.0.75]
	at org.apache.catalina.core.StandardHostValve.invoke(StandardHostValve.java:130) ~[tomcat-embed-core-9.0.75.jar:9.0.75]
	at org.apache.catalina.valves.ErrorReportValve.invoke(ErrorReportValve.java:93) ~[tomcat-embed-core-9.0.75.jar:9.0.75]
	at org.apache.catalina.core.StandardEngineValve.invoke(StandardEngineValve.java:74) ~[tomcat-embed-core-9.0.75.jar:9.0.75]
	at org.apache.catalina.connector.CoyoteAdapter.service(CoyoteAdapter.java:343) ~[tomcat-embed-core-9.0.75.jar:9.0.75]
	at org.apache.coyote.http11.Http11Processor.service(Http11Processor.java:390) ~[tomcat-embed-core-9.0.75.jar:9.0.75]
	at org.apache.coyote.AbstractProcessorLight.process(AbstractProcessorLight.java:63) ~[tomcat-embed-core-9.0.75.jar:9.0.75]
	at org.apache.coyote.AbstractProtocol$ConnectionHandler.process(AbstractProtocol.java:926) ~[tomcat-embed-core-9.0.75.jar:9.0.75]
	at org.apache.tomcat.util.net.NioEndpoint$SocketProcessor.doRun(NioEndpoint.java:1791) ~[tomcat-embed-core-9.0.75.jar:9.0.75]
	at org.apache.tomcat.util.net.SocketProcessorBase.run(SocketProcessorBase.java:52) ~[tomcat-embed-core-9.0.75.jar:9.0.75]
	at org.apache.tomcat.util.threads.ThreadPoolExecutor.runWorker(ThreadPoolExecutor.java:1191) ~[tomcat-embed-core-9.0.75.jar:9.0.75]
	at org.apache.tomcat.util.threads.ThreadPoolExecutor$Worker.run(ThreadPoolExecutor.java:659) ~[tomcat-embed-core-9.0.75.jar:9.0.75]
	at org.apache.tomcat.util.threads.TaskThread$WrappingRunnable.run(TaskThread.java:61) ~[tomcat-embed-core-9.0.75.jar:9.0.75]
	at java.base/java.lang.Thread.run(Thread.java:842) ~[na:na]

14:48:38:126 DEBUG 161580 --- [http-nio-8083-exec-6] c.jndx.user.mapper.UserMapper.selectOne  : ==>  Preparing: SELECT id,username,password,phone,create_time,update_time,status,balance FROM user WHERE (username = ?)
14:48:38:126 DEBUG 161580 --- [http-nio-8083-exec-6] c.jndx.user.mapper.UserMapper.selectOne  : ==> Parameters: jack(String)
14:48:38:129 DEBUG 161580 --- [http-nio-8083-exec-6] c.jndx.user.mapper.UserMapper.selectOne  : <==      Total: 1
14:50:14:348 DEBUG 161580 --- [http-nio-8083-exec-8] c.jndx.user.mapper.UserMapper.selectOne  : ==>  Preparing: SELECT id,username,password,phone,create_time,update_time,status,balance FROM user WHERE (username = ?)
14:50:14:349 DEBUG 161580 --- [http-nio-8083-exec-8] c.jndx.user.mapper.UserMapper.selectOne  : ==> Parameters: jack(String)
14:50:14:350 DEBUG 161580 --- [http-nio-8083-exec-8] c.jndx.user.mapper.UserMapper.selectOne  : <==      Total: 1
14:50:25:724 DEBUG 161580 --- [http-nio-8083-exec-9] c.j.u.mapper.AddressMapper.selectList    : ==>  Preparing: SELECT id,user_id,province,city,town,mobile,street,contact,is_default,notes FROM address WHERE (user_id = ?)
14:50:25:725 DEBUG 161580 --- [http-nio-8083-exec-9] c.j.u.mapper.AddressMapper.selectList    : ==> Parameters: 1(Long)
14:50:25:729 DEBUG 161580 --- [http-nio-8083-exec-9] c.j.u.mapper.AddressMapper.selectList    : <==      Total: 4
15:01:23:326  WARN 161580 --- [Thread-7] c.a.n.common.http.HttpClientBeanHolder   : [HttpClientBeanHolder] Start destroying common HttpClient
15:01:23:326  WARN 161580 --- [Thread-4] c.a.nacos.common.notify.NotifyCenter     : [NotifyCenter] Start destroying Publisher
15:01:23:328  WARN 161580 --- [Thread-4] c.a.nacos.common.notify.NotifyCenter     : [NotifyCenter] Destruction of the end
15:01:23:328  WARN 161580 --- [Thread-7] c.a.n.common.http.HttpClientBeanHolder   : [HttpClientBeanHolder] Destruction of the end
15:01:23:502  INFO 161580 --- [SpringApplicationShutdownHook] c.a.c.n.registry.NacosServiceRegistry    : De-registering from Nacos Server now...
15:01:23:505  INFO 161580 --- [SpringApplicationShutdownHook] c.a.c.n.registry.NacosServiceRegistry    : De-registration finished.
15:01:23:810  INFO 161580 --- [SpringApplicationShutdownHook] com.alibaba.nacos.common.remote.client   : Shutdown rpc client, set status to shutdown
15:01:23:810  INFO 161580 --- [SpringApplicationShutdownHook] com.alibaba.nacos.common.remote.client   : Shutdown client event executor java.util.concurrent.ScheduledThreadPoolExecutor@6ce5cbe5[Running, pool size = 2, active threads = 2, queued tasks = 0, completed tasks = 0]
15:01:23:811  INFO 161580 --- [SpringApplicationShutdownHook] com.alibaba.nacos.common.remote.client   : Close current connection 1720158782000_192.168.10.5_5664
15:01:23:812  INFO 161580 --- [nacos-grpc-client-executor-850] c.a.n.c.remote.client.grpc.GrpcClient    : [1720158782000_192.168.10.5_5664]Ignore complete event,isRunning:false,isAbandon=false
15:01:23:827  INFO 161580 --- [SpringApplicationShutdownHook] c.a.n.c.remote.client.grpc.GrpcClient    : Shutdown grpc executor java.util.concurrent.ThreadPoolExecutor@1836e548[Running, pool size = 5, active threads = 0, queued tasks = 0, completed tasks = 851]
15:01:23:836  INFO 161580 --- [SpringApplicationShutdownHook] com.zaxxer.hikari.HikariDataSource       : HikariPool-1 - Shutdown initiated...
15:01:23:849  INFO 161580 --- [SpringApplicationShutdownHook] com.zaxxer.hikari.HikariDataSource       : HikariPool-1 - Shutdown completed.
